Using pre-set license
Built from '2020.3/staging' branch; Version is '2020.3.8f1 (507919d4fff5) revision 5273881'; Using compiler version '192528614'; Build Type 'Release'
OS: 'Windows 10 Home; OS build 19041.1052; Version 2004; 64bit' Language: 'ja' Physical Memory: 16305 MB
BatchMode: 1, IsHumanControllingUs: 0, StartBugReporterOnCrash: 0, Is64bit: 1, IsPro: 0

 COMMAND LINE ARGUMENTS:
F:\Unity\2020.3.8f1\Editor\Unity.exe
-adb2
-batchMode
-noUpm
-name
AssetImportWorker2
-projectPath
C:/Users/okayu/Documents/GitHub/UnityGameCreatingProjects/New UnityGameCreatingProject
-logFile
Logs/AssetImportWorker2.log
-srvPort
50082
Successfully changed project path to: C:/Users/okayu/Documents/GitHub/UnityGameCreatingProjects/New UnityGameCreatingProject
C:/Users/okayu/Documents/GitHub/UnityGameCreatingProjects/New UnityGameCreatingProject
Using Asset Import Pipeline V2.
Refreshing native plugins compatible for Editor in 44.71 ms, found 0 plugins.
Preloading 0 native plugins for Editor in 0.00 ms.
Initialize engine version: 2020.3.8f1 (507919d4fff5)
[Subsystems] Discovering subsystems at path F:/Unity/2020.3.8f1/Editor/Data/Resources/UnitySubsystems
[Subsystems] Discovering subsystems at path C:/Users/okayu/Documents/GitHub/UnityGameCreatingProjects/New UnityGameCreatingProject/Assets
GfxDevice: creating device client; threaded=0
Direct3D:
    Version:  Direct3D 11.0 [level 11.1]
    Renderer: NVIDIA GeForce GTX 1060 6GB (ID=0x1c03)
    Vendor:   
    VRAM:     6052 MB
    Driver:   27.21.14.6677
Initialize mono
Mono path[0] = 'F:/Unity/2020.3.8f1/Editor/Data/Managed'
Mono path[1] = 'F:/Unity/2020.3.8f1/Editor/Data/MonoBleedingEdge/lib/mono/unityjit'
Mono config path = 'F:/Unity/2020.3.8f1/Editor/Data/MonoBleedingEdge/etc'
Using monoOptions --debugger-agent=transport=dt_socket,embedding=1,server=y,suspend=n,address=127.0.0.1:56032
Begin MonoManager ReloadAssembly
Registering precompiled unity dll's ...
Register platform support module: F:/Unity/2020.3.8f1/Editor/Data/PlaybackEngines/WindowsStandaloneSupport/UnityEditor.WindowsStandalone.Extensions.dll
Registered in 0.001526 seconds.
Native extension for WindowsStandalone target not found
Refreshing native plugins compatible for Editor in 40.75 ms, found 0 plugins.
Preloading 0 native plugins for Editor in 0.00 ms.
Mono: successfully reloaded assembly
- Completed reload, in  1.217 seconds
Platform modules already initialized, skipping
Registering precompiled user dll's ...
Registered in 0.001758 seconds.
Begin MonoManager ReloadAssembly
Native extension for WindowsStandalone target not found
Refreshing native plugins compatible for Editor in 0.32 ms, found 0 plugins.
Preloading 0 native plugins for Editor in 0.00 ms.
Mono: successfully reloaded assembly
- Completed reload, in  1.396 seconds
Platform modules already initialized, skipping
========================================================================
Worker process is ready to serve import requests
Launched and connected shader compiler UnityShaderCompiler.exe after 0.50 seconds
Refreshing native plugins compatible for Editor in 0.28 ms, found 0 plugins.
Preloading 0 native plugins for Editor in 0.00 ms.
Unloading 1276 Unused Serialized files (Serialized files now loaded: 0)
System memory in use before: 72.8 MB.
System memory in use after: 72.8 MB.

Unloading 10 unused Assets to reduce memory usage. Loaded Objects now: 1727.
Total: 3.148400 ms (FindLiveObjects: 1.038100 ms CreateObjectMapping: 0.181800 ms MarkObjects: 1.724000 ms  DeleteObjects: 0.202600 ms)

========================================================================
Received Import Request.
  path: Assets/Enemy/SetPosition.cs
  artifactKey: Guid(d949dc9e13f014a448643f7de95d537f) Importer(815301076,1909f56bfc062723c751e8b465ee728b)
Start importing Assets/Enemy/SetPosition.cs using Guid(d949dc9e13f014a448643f7de95d537f) Importer(815301076,1909f56bfc062723c751e8b465ee728b)  -> (artifact id: 'e4ca68f1eb565c5b4bb6ef88ba9f1844') in 1.041236 seconds
  Import took 1.159097 seconds .

========================================================================
Received Import Request.
  Time since last request: 249.021652 seconds.
  path: Assets/Enemy/SearchPlayer.cs
  artifactKey: Guid(bc683f9e5960da84f8bfbe3458152848) Importer(815301076,1909f56bfc062723c751e8b465ee728b)
Start importing Assets/Enemy/SearchPlayer.cs using Guid(bc683f9e5960da84f8bfbe3458152848) Importer(815301076,1909f56bfc062723c751e8b465ee728b)  -> (artifact id: 'de3fc0e40066a82ee6b139b7a5f21f3f') in 0.114963 seconds
  Import took 0.218246 seconds .

========================================================================
Received Import Request.
  Time since last request: 1092.744306 seconds.
  path: Assets/Enemy/Enemy.cs
  artifactKey: Guid(3709a6e66dfa6d64a8ec920f78db3057) Importer(815301076,1909f56bfc062723c751e8b465ee728b)
Start importing Assets/Enemy/Enemy.cs using Guid(3709a6e66dfa6d64a8ec920f78db3057) Importer(815301076,1909f56bfc062723c751e8b465ee728b)  -> (artifact id: '2087990b7ead3c919d2575578fc1beac') in 0.058542 seconds
  Import took 0.110857 seconds .

========================================================================
Received Import Request.
  Time since last request: 0.090790 seconds.
  path: Assets/Enemy/Enemy.cs
  artifactKey: Guid(3709a6e66dfa6d64a8ec920f78db3057) Importer(815301076,1909f56bfc062723c751e8b465ee728b)
Start importing Assets/Enemy/Enemy.cs using Guid(3709a6e66dfa6d64a8ec920f78db3057) Importer(815301076,1909f56bfc062723c751e8b465ee728b)  -> (artifact id: '2087990b7ead3c919d2575578fc1beac') in 0.030324 seconds
  Import took 0.113753 seconds .

========================================================================
Received Prepare
Registering precompiled user dll's ...
Registered in 0.000888 seconds.
Begin MonoManager ReloadAssembly
Native extension for WindowsStandalone target not found
Refreshing native plugins compatible for Editor in 0.38 ms, found 0 plugins.
Preloading 0 native plugins for Editor in 0.00 ms.
Mono: successfully reloaded assembly
- Completed reload, in  0.927 seconds
Platform modules already initialized, skipping
Refreshing native plugins compatible for Editor in 0.35 ms, found 0 plugins.
Preloading 0 native plugins for Editor in 0.00 ms.
Unloading 1232 Unused Serialized files (Serialized files now loaded: 0)
System memory in use before: 68.8 MB.
System memory in use after: 68.9 MB.

Unloading 5 unused Assets to reduce memory usage. Loaded Objects now: 1730.
Total: 1.846800 ms (FindLiveObjects: 0.190500 ms CreateObjectMapping: 0.060800 ms MarkObjects: 1.470600 ms  DeleteObjects: 0.123700 ms)

AssetImportWorkerClient::OnTransportError - code=2 error=End of file
