Using pre-set license
Built from '2020.3/staging' branch; Version is '2020.3.8f1 (507919d4fff5) revision 5273881'; Using compiler version '192528614'; Build Type 'Release'
OS: 'Windows 10 Home; OS build 19041.1052; Version 2004; 64bit' Language: 'ja' Physical Memory: 16305 MB
BatchMode: 1, IsHumanControllingUs: 0, StartBugReporterOnCrash: 0, Is64bit: 1, IsPro: 0

 COMMAND LINE ARGUMENTS:
F:\Unity\2020.3.8f1\Editor\Unity.exe
-adb2
-batchMode
-noUpm
-name
AssetImportWorker1
-projectPath
C:/Users/okayu/Documents/GitHub/UnityGameCreatingProjects/New UnityGameCreatingProject
-logFile
Logs/AssetImportWorker1.log
-srvPort
61324
Successfully changed project path to: C:/Users/okayu/Documents/GitHub/UnityGameCreatingProjects/New UnityGameCreatingProject
C:/Users/okayu/Documents/GitHub/UnityGameCreatingProjects/New UnityGameCreatingProject
Using Asset Import Pipeline V2.
Refreshing native plugins compatible for Editor in 159.90 ms, found 0 plugins.
Preloading 0 native plugins for Editor in 0.00 ms.
Initialize engine version: 2020.3.8f1 (507919d4fff5)
[Subsystems] Discovering subsystems at path F:/Unity/2020.3.8f1/Editor/Data/Resources/UnitySubsystems
[Subsystems] Discovering subsystems at path C:/Users/okayu/Documents/GitHub/UnityGameCreatingProjects/New UnityGameCreatingProject/Assets
GfxDevice: creating device client; threaded=0
Direct3D:
    Version:  Direct3D 11.0 [level 11.1]
    Renderer: NVIDIA GeForce GTX 1060 6GB (ID=0x1c03)
    Vendor:   
    VRAM:     6052 MB
    Driver:   27.21.14.6677
Initialize mono
Mono path[0] = 'F:/Unity/2020.3.8f1/Editor/Data/Managed'
Mono path[1] = 'F:/Unity/2020.3.8f1/Editor/Data/MonoBleedingEdge/lib/mono/unityjit'
Mono config path = 'F:/Unity/2020.3.8f1/Editor/Data/MonoBleedingEdge/etc'
Using monoOptions --debugger-agent=transport=dt_socket,embedding=1,server=y,suspend=n,address=127.0.0.1:56016
Begin MonoManager ReloadAssembly
Registering precompiled unity dll's ...
Register platform support module: F:/Unity/2020.3.8f1/Editor/Data/PlaybackEngines/WindowsStandaloneSupport/UnityEditor.WindowsStandalone.Extensions.dll
Registered in 0.001189 seconds.
Native extension for WindowsStandalone target not found
Refreshing native plugins compatible for Editor in 37.22 ms, found 0 plugins.
Preloading 0 native plugins for Editor in 0.00 ms.
Mono: successfully reloaded assembly
- Completed reload, in  1.053 seconds
Platform modules already initialized, skipping
Registering precompiled user dll's ...
Registered in 0.000981 seconds.
Begin MonoManager ReloadAssembly
Native extension for WindowsStandalone target not found
Refreshing native plugins compatible for Editor in 0.41 ms, found 0 plugins.
Preloading 0 native plugins for Editor in 0.00 ms.
Mono: successfully reloaded assembly
- Completed reload, in  1.535 seconds
Platform modules already initialized, skipping
========================================================================
Worker process is ready to serve import requests
Launched and connected shader compiler UnityShaderCompiler.exe after 0.27 seconds
Refreshing native plugins compatible for Editor in 0.45 ms, found 0 plugins.
Preloading 0 native plugins for Editor in 0.00 ms.
Unloading 1273 Unused Serialized files (Serialized files now loaded: 0)
System memory in use before: 72.6 MB.
System memory in use after: 72.7 MB.

Unloading 10 unused Assets to reduce memory usage. Loaded Objects now: 1724.
Total: 2.524600 ms (FindLiveObjects: 0.169700 ms CreateObjectMapping: 0.038900 ms MarkObjects: 2.109500 ms  DeleteObjects: 0.205100 ms)

========================================================================
Received Import Request.
  path: Assets/SampleObjects/G.prefab
  artifactKey: Guid(4159f212616473a45abc292b7c2e6cbc) Importer(815301076,1909f56bfc062723c751e8b465ee728b)
Start importing Assets/SampleObjects/G.prefab using Guid(4159f212616473a45abc292b7c2e6cbc) Importer(815301076,1909f56bfc062723c751e8b465ee728b)  -> (artifact id: '2b322e394920b80534d8c8eb76cfb4b1') in 0.288979 seconds
  Import took 0.331889 seconds .

========================================================================
Received Import Request.
  Time since last request: 0.000340 seconds.
  path: Assets/SampleObjects/R.mat
  artifactKey: Guid(7dd1abb3a966d0749820b268245e8143) Importer(815301076,1909f56bfc062723c751e8b465ee728b)
Start importing Assets/SampleObjects/R.mat using Guid(7dd1abb3a966d0749820b268245e8143) Importer(815301076,1909f56bfc062723c751e8b465ee728b)  -> (artifact id: 'ebbd2e32f375b29455eb06dfdc525d69') in 0.334127 seconds
  Import took 0.336609 seconds .

========================================================================
Received Import Request.
  Time since last request: 0.000298 seconds.
  path: Assets/SampleObjects/R.prefab
  artifactKey: Guid(8241cc750bc4e6140bf776de1cce0658) Importer(815301076,1909f56bfc062723c751e8b465ee728b)
Start importing Assets/SampleObjects/R.prefab using Guid(8241cc750bc4e6140bf776de1cce0658) Importer(815301076,1909f56bfc062723c751e8b465ee728b)  -> (artifact id: '0e0eff613fb1e7c2f5faed16a3f5c2da') in 0.041090 seconds
  Import took 0.044292 seconds .

========================================================================
Received Import Request.
  Time since last request: 0.000231 seconds.
  path: Assets/SampleObjects/B.mat
  artifactKey: Guid(a99fbc25a4b9fc343a7da7fa69ce230e) Importer(815301076,1909f56bfc062723c751e8b465ee728b)
Start importing Assets/SampleObjects/B.mat using Guid(a99fbc25a4b9fc343a7da7fa69ce230e) Importer(815301076,1909f56bfc062723c751e8b465ee728b)  -> (artifact id: 'fb21aa4126dd5e8bdbdcc8ff8de88965') in 0.116781 seconds
  Import took 0.120953 seconds .

========================================================================
Received Import Request.
  Time since last request: 0.000311 seconds.
  path: Assets/SampleObjects/B.prefab
  artifactKey: Guid(27b0de2e0235e604d91b29cc45a0a5a4) Importer(815301076,1909f56bfc062723c751e8b465ee728b)
Start importing Assets/SampleObjects/B.prefab using Guid(27b0de2e0235e604d91b29cc45a0a5a4) Importer(815301076,1909f56bfc062723c751e8b465ee728b)  -> (artifact id: '9e16393704abc9cad1985f256e7661b8') in 0.051185 seconds
  Import took 0.053540 seconds .

========================================================================
Received Import Request.
  Time since last request: 0.000292 seconds.
  path: Assets/SampleObjects/G.mat
  artifactKey: Guid(8434545bd2c54b54bb0669279b930ec2) Importer(815301076,1909f56bfc062723c751e8b465ee728b)
Start importing Assets/SampleObjects/G.mat using Guid(8434545bd2c54b54bb0669279b930ec2) Importer(815301076,1909f56bfc062723c751e8b465ee728b)  -> (artifact id: 'a6bb716dd6b2fa0f8c20506db83e5410') in 0.043037 seconds
  Import took 0.046067 seconds .

========================================================================
Received Import Request.
  Time since last request: 131.144313 seconds.
  path: Assets/HatchingShader-master/Unity_2018-08-20_20-00-57.png
  artifactKey: Guid(fe2d9d092cff76845b6ec698db5e3f32) Importer(815301076,1909f56bfc062723c751e8b465ee728b)
Start importing Assets/HatchingShader-master/Unity_2018-08-20_20-00-57.png using Guid(fe2d9d092cff76845b6ec698db5e3f32) Importer(815301076,1909f56bfc062723c751e8b465ee728b)  -> (artifact id: '4822cc0ca82818da06a094e20bee5541') in 0.450786 seconds
  Import took 0.453896 seconds .

========================================================================
Received Import Request.
  Time since last request: 0.000218 seconds.
  path: Assets/HatchingShader-master/Unity_2018-08-29_03-33-28.jpg
  artifactKey: Guid(413802be2bbde6c47ae5d4dfa5278953) Importer(815301076,1909f56bfc062723c751e8b465ee728b)
Start importing Assets/HatchingShader-master/Unity_2018-08-29_03-33-28.jpg using Guid(413802be2bbde6c47ae5d4dfa5278953) Importer(815301076,1909f56bfc062723c751e8b465ee728b)  -> (artifact id: '1c0e069650d9f63cb18523bd8352c120') in 0.063938 seconds
  Import took 0.066994 seconds .

========================================================================
Received Import Request.
  Time since last request: 0.003109 seconds.
  path: Assets/HatchingShader-master/Unity_2018-08-29_03-33-28.jpg
  artifactKey: Guid(413802be2bbde6c47ae5d4dfa5278953) Importer(815301076,1909f56bfc062723c751e8b465ee728b)
Start importing Assets/HatchingShader-master/Unity_2018-08-29_03-33-28.jpg using Guid(413802be2bbde6c47ae5d4dfa5278953) Importer(815301076,1909f56bfc062723c751e8b465ee728b)  -> (artifact id: '1c0e069650d9f63cb18523bd8352c120') in 0.035592 seconds
  Import took 0.038783 seconds .

========================================================================
Received Import Request.
  Time since last request: 1.287874 seconds.
  path: Assets/MusicMixer.mixer
  artifactKey: Guid(d19d932aff15f8b41a5f33fa1bd9edc2) Importer(815301076,1909f56bfc062723c751e8b465ee728b)
Start importing Assets/MusicMixer.mixer using Guid(d19d932aff15f8b41a5f33fa1bd9edc2) Importer(815301076,1909f56bfc062723c751e8b465ee728b)  -> (artifact id: 'c57ccf82a9c559ed0f258a4335921043') in 0.088867 seconds
  Import took 0.128640 seconds .

========================================================================
Received Import Request.
  Time since last request: 0.000277 seconds.
  path: Assets/New Material.mat
  artifactKey: Guid(b423798d2fe0bf14c9099aad5996d47c) Importer(815301076,1909f56bfc062723c751e8b465ee728b)
Start importing Assets/New Material.mat using Guid(b423798d2fe0bf14c9099aad5996d47c) Importer(815301076,1909f56bfc062723c751e8b465ee728b)  -> (artifact id: '4839a0d524e2ea814367d1d22c1a0d98') in 0.215082 seconds
  Import took 0.217307 seconds .

========================================================================
Received Import Request.
  Time since last request: 2.171581 seconds.
  path: Assets/SampleObjects
  artifactKey: Guid(f24386015dd42124dbf9ae467dadff9e) Importer(815301076,1909f56bfc062723c751e8b465ee728b)
Start importing Assets/SampleObjects using Guid(f24386015dd42124dbf9ae467dadff9e) Importer(815301076,1909f56bfc062723c751e8b465ee728b)  -> (artifact id: '2fc98387e66907d377290a0d68b6ea2d') in 0.028549 seconds
  Import took 0.031050 seconds .

========================================================================
Received Import Request.
  Time since last request: 20.067025 seconds.
  path: Assets/Enemy
  artifactKey: Guid(cbbc7350c90528a4fb38fc5857750c53) Importer(815301076,1909f56bfc062723c751e8b465ee728b)
Start importing Assets/Enemy using Guid(cbbc7350c90528a4fb38fc5857750c53) Importer(815301076,1909f56bfc062723c751e8b465ee728b)  -> (artifact id: '5b31e2c36e87723904f95533bdbfac70') in 0.032005 seconds
  Import took 0.034197 seconds .

========================================================================
Received Import Request.
  Time since last request: 264.017902 seconds.
  path: Assets/Enemy/Enemy.cs
  artifactKey: Guid(3709a6e66dfa6d64a8ec920f78db3057) Importer(815301076,1909f56bfc062723c751e8b465ee728b)
Start importing Assets/Enemy/Enemy.cs using Guid(3709a6e66dfa6d64a8ec920f78db3057) Importer(815301076,1909f56bfc062723c751e8b465ee728b)  -> (artifact id: '7283c8dc9d2708176e9eeaf03539858f') in 0.475947 seconds
  Import took 0.480024 seconds .

========================================================================
Received Prepare
Registering precompiled user dll's ...
Registered in 0.001290 seconds.
Begin MonoManager ReloadAssembly
Native extension for WindowsStandalone target not found
Refreshing native plugins compatible for Editor in 0.34 ms, found 0 plugins.
Preloading 0 native plugins for Editor in 0.00 ms.
Mono: successfully reloaded assembly
- Completed reload, in  0.977 seconds
Platform modules already initialized, skipping
Refreshing native plugins compatible for Editor in 0.38 ms, found 0 plugins.
Preloading 0 native plugins for Editor in 0.00 ms.
Unloading 1230 Unused Serialized files (Serialized files now loaded: 0)
System memory in use before: 72.1 MB.
System memory in use after: 72.2 MB.

Unloading 5 unused Assets to reduce memory usage. Loaded Objects now: 1771.
Total: 2.042300 ms (FindLiveObjects: 0.227400 ms CreateObjectMapping: 0.040300 ms MarkObjects: 1.630800 ms  DeleteObjects: 0.142500 ms)

