Using pre-set license
Built from '2020.3/staging' branch; Version is '2020.3.8f1 (507919d4fff5) revision 5273881'; Using compiler version '192528614'; Build Type 'Release'
OS: 'Windows 10 Home; OS build 19041.985; Version 2004; 64bit' Language: 'ja' Physical Memory: 16305 MB
BatchMode: 1, IsHumanControllingUs: 0, StartBugReporterOnCrash: 0, Is64bit: 1, IsPro: 0

 COMMAND LINE ARGUMENTS:
F:\Unity\2020.3.8f1\Editor\Unity.exe
-adb2
-batchMode
-noUpm
-name
AssetImportWorker0
-projectPath
C:/Users/okayu/Documents/GitHub/UnityGameCreatingProjects/New UnityGameCreatingProject
-logFile
Logs/AssetImportWorker0.log
-srvPort
50899
Successfully changed project path to: C:/Users/okayu/Documents/GitHub/UnityGameCreatingProjects/New UnityGameCreatingProject
C:/Users/okayu/Documents/GitHub/UnityGameCreatingProjects/New UnityGameCreatingProject
Using Asset Import Pipeline V2.
Refreshing native plugins compatible for Editor in 72.53 ms, found 0 plugins.
Preloading 0 native plugins for Editor in 0.00 ms.
Initialize engine version: 2020.3.8f1 (507919d4fff5)
[Subsystems] Discovering subsystems at path F:/Unity/2020.3.8f1/Editor/Data/Resources/UnitySubsystems
[Subsystems] Discovering subsystems at path C:/Users/okayu/Documents/GitHub/UnityGameCreatingProjects/New UnityGameCreatingProject/Assets
GfxDevice: creating device client; threaded=0
Direct3D:
    Version:  Direct3D 11.0 [level 11.1]
    Renderer: NVIDIA GeForce GTX 1060 6GB (ID=0x1c03)
    Vendor:   
    VRAM:     6052 MB
    Driver:   27.21.14.6627
Initialize mono
Mono path[0] = 'F:/Unity/2020.3.8f1/Editor/Data/Managed'
Mono path[1] = 'F:/Unity/2020.3.8f1/Editor/Data/MonoBleedingEdge/lib/mono/unityjit'
Mono config path = 'F:/Unity/2020.3.8f1/Editor/Data/MonoBleedingEdge/etc'
Using monoOptions --debugger-agent=transport=dt_socket,embedding=1,server=y,suspend=n,address=127.0.0.1:56060
Begin MonoManager ReloadAssembly
Registering precompiled unity dll's ...
Register platform support module: F:/Unity/2020.3.8f1/Editor/Data/PlaybackEngines/WindowsStandaloneSupport/UnityEditor.WindowsStandalone.Extensions.dll
Registered in 0.008203 seconds.
Native extension for WindowsStandalone target not found
Refreshing native plugins compatible for Editor in 29.15 ms, found 0 plugins.
Preloading 0 native plugins for Editor in 0.00 ms.
Mono: successfully reloaded assembly
- Completed reload, in  1.017 seconds
Platform modules already initialized, skipping
Registering precompiled user dll's ...
Registered in 0.010215 seconds.
Begin MonoManager ReloadAssembly
Native extension for WindowsStandalone target not found
Refreshing native plugins compatible for Editor in 0.26 ms, found 0 plugins.
Preloading 0 native plugins for Editor in 0.00 ms.
Mono: successfully reloaded assembly
- Completed reload, in  1.840 seconds
Platform modules already initialized, skipping
========================================================================
Worker process is ready to serve import requests
Launched and connected shader compiler UnityShaderCompiler.exe after 0.11 seconds
Refreshing native plugins compatible for Editor in 0.24 ms, found 0 plugins.
Preloading 0 native plugins for Editor in 0.00 ms.
Unloading 1135 Unused Serialized files (Serialized files now loaded: 0)
System memory in use before: 61.6 MB.
System memory in use after: 61.7 MB.

Unloading 10 unused Assets to reduce memory usage. Loaded Objects now: 1585.
Total: 2.214300 ms (FindLiveObjects: 0.131800 ms CreateObjectMapping: 0.032400 ms MarkObjects: 1.938100 ms  DeleteObjects: 0.110900 ms)

========================================================================
Received Import Request.
  path: Assets/3DModels/Panda/カートtx.png
  artifactKey: Guid(36bab504c44dab14c8b3f38c577a570c) Importer(815301076,1909f56bfc062723c751e8b465ee728b)
Start importing Assets/3DModels/Panda/カートtx.png using Guid(36bab504c44dab14c8b3f38c577a570c) Importer(815301076,1909f56bfc062723c751e8b465ee728b)  -> (artifact id: '2a8dcc32c4859f883a1edcd177d7d936') in 0.246685 seconds
  Import took 0.266919 seconds .

========================================================================
Received Import Request.
  Time since last request: 0.000316 seconds.
  path: Assets/3DModels/Panda/パンダ.fbx
  artifactKey: Guid(b397f963def61894cacec669b44a4d3a) Importer(815301076,1909f56bfc062723c751e8b465ee728b)
Start importing Assets/3DModels/Panda/パンダ.fbx using Guid(b397f963def61894cacec669b44a4d3a) Importer(815301076,1909f56bfc062723c751e8b465ee728b)  -> (artifact id: '0e8e1d2dbf969cfcd43a6a282529c89d') in 0.374038 seconds
  Import took 0.376876 seconds .

========================================================================
Received Import Request.
  Time since last request: 0.000208 seconds.
  path: Assets/3DModels/Panda
  artifactKey: Guid(f047065bd61af3b438c502ba98b56f7a) Importer(815301076,1909f56bfc062723c751e8b465ee728b)
Start importing Assets/3DModels/Panda using Guid(f047065bd61af3b438c502ba98b56f7a) Importer(815301076,1909f56bfc062723c751e8b465ee728b)  -> (artifact id: '156bb63aecbb3bb6f6dd70dc0c113715') in 0.029520 seconds
  Import took 0.047015 seconds .

========================================================================
Received Import Request.
  Time since last request: 0.000230 seconds.
  path: Assets/3DModels/Panda/パンダtx.png
  artifactKey: Guid(d12532fec919edc4b9eaea1d1bf6fca8) Importer(815301076,1909f56bfc062723c751e8b465ee728b)
Start importing Assets/3DModels/Panda/パンダtx.png using Guid(d12532fec919edc4b9eaea1d1bf6fca8) Importer(815301076,1909f56bfc062723c751e8b465ee728b)  -> (artifact id: '758f6c5bfa3ad29ff2e6fdc807b7c934') in 0.034487 seconds
  Import took 0.040454 seconds .

========================================================================
Received Import Request.
  Time since last request: 436.422173 seconds.
  path: Assets/ChaseMode/C#/EngineSound.cs
  artifactKey: Guid(cd6e8c9aff4517e45998f24365319d58) Importer(815301076,1909f56bfc062723c751e8b465ee728b)
Start importing Assets/ChaseMode/C#/EngineSound.cs using Guid(cd6e8c9aff4517e45998f24365319d58) Importer(815301076,1909f56bfc062723c751e8b465ee728b)  -> (artifact id: 'f042affe43b19501e2c5301a289d7272') in 0.036943 seconds
  Import took 0.057299 seconds .

========================================================================
Received Prepare
Registering precompiled user dll's ...
Registered in 0.001200 seconds.
Begin MonoManager ReloadAssembly
Native extension for WindowsStandalone target not found
Refreshing native plugins compatible for Editor in 0.25 ms, found 0 plugins.
Preloading 0 native plugins for Editor in 0.00 ms.
Mono: successfully reloaded assembly
- Completed reload, in  0.865 seconds
Platform modules already initialized, skipping
Refreshing native plugins compatible for Editor in 0.32 ms, found 0 plugins.
Preloading 0 native plugins for Editor in 0.00 ms.
Unloading 1123 Unused Serialized files (Serialized files now loaded: 0)
System memory in use before: 64.2 MB.
System memory in use after: 64.3 MB.

Unloading 5 unused Assets to reduce memory usage. Loaded Objects now: 1632.
Total: 2.376500 ms (FindLiveObjects: 0.231300 ms CreateObjectMapping: 0.050200 ms MarkObjects: 1.854100 ms  DeleteObjects: 0.239000 ms)

========================================================================
Received Import Request.
  Time since last request: 221.654742 seconds.
  path: Assets/ChaseMode/C#/EngineSound.cs
  artifactKey: Guid(cd6e8c9aff4517e45998f24365319d58) Importer(815301076,1909f56bfc062723c751e8b465ee728b)
Start importing Assets/ChaseMode/C#/EngineSound.cs using Guid(cd6e8c9aff4517e45998f24365319d58) Importer(815301076,1909f56bfc062723c751e8b465ee728b)  -> (artifact id: '005400b3fa86fec837b5711ed59f00c5') in 0.080868 seconds
  Import took 0.123287 seconds .

========================================================================
Received Prepare
Registering precompiled user dll's ...
Registered in 0.001304 seconds.
Begin MonoManager ReloadAssembly
Native extension for WindowsStandalone target not found
Refreshing native plugins compatible for Editor in 0.26 ms, found 0 plugins.
Preloading 0 native plugins for Editor in 0.00 ms.
Mono: successfully reloaded assembly
- Completed reload, in  0.822 seconds
Platform modules already initialized, skipping
Refreshing native plugins compatible for Editor in 0.31 ms, found 0 plugins.
Preloading 0 native plugins for Editor in 0.00 ms.
Unloading 1123 Unused Serialized files (Serialized files now loaded: 0)
System memory in use before: 64.3 MB.
System memory in use after: 64.3 MB.

Unloading 5 unused Assets to reduce memory usage. Loaded Objects now: 1635.
Total: 1.804800 ms (FindLiveObjects: 0.163500 ms CreateObjectMapping: 0.031700 ms MarkObjects: 1.478700 ms  DeleteObjects: 0.130000 ms)

========================================================================
Received Prepare
Registering precompiled user dll's ...
Registered in 0.000838 seconds.
Begin MonoManager ReloadAssembly
Native extension for WindowsStandalone target not found
Refreshing native plugins compatible for Editor in 0.40 ms, found 0 plugins.
Preloading 0 native plugins for Editor in 0.00 ms.
Mono: successfully reloaded assembly
- Completed reload, in  0.810 seconds
Platform modules already initialized, skipping
Refreshing native plugins compatible for Editor in 0.29 ms, found 0 plugins.
Preloading 0 native plugins for Editor in 0.00 ms.
Unloading 1123 Unused Serialized files (Serialized files now loaded: 0)
System memory in use before: 64.3 MB.
System memory in use after: 64.3 MB.

Unloading 5 unused Assets to reduce memory usage. Loaded Objects now: 1638.
Total: 1.946200 ms (FindLiveObjects: 0.121100 ms CreateObjectMapping: 0.030900 ms MarkObjects: 1.704800 ms  DeleteObjects: 0.088600 ms)

AssetImportWorkerClient::OnTransportError - code=2 error=End of file
