Using pre-set license
Built from '2020.3/staging' branch; Version is '2020.3.8f1 (507919d4fff5) revision 5273881'; Using compiler version '192528614'; Build Type 'Release'
OS: 'Windows 10 Home; OS build 19043.985; Version 2009; 64bit' Language: 'ja' Physical Memory: 16269 MB
BatchMode: 1, IsHumanControllingUs: 0, StartBugReporterOnCrash: 0, Is64bit: 1, IsPro: 0

 COMMAND LINE ARGUMENTS:
C:\Program Files\Unity\Hub\Editor\2020.3.8f1\Editor\Unity.exe
-adb2
-batchMode
-noUpm
-name
AssetImportWorker0
-projectPath
D:/UnityGameCreatingProjects/New UnityGameCreatingProject
-logFile
Logs/AssetImportWorker0.log
-srvPort
56578
Successfully changed project path to: D:/UnityGameCreatingProjects/New UnityGameCreatingProject
D:/UnityGameCreatingProjects/New UnityGameCreatingProject
Using Asset Import Pipeline V2.
Refreshing native plugins compatible for Editor in 20.68 ms, found 0 plugins.
Preloading 0 native plugins for Editor in 0.00 ms.
Initialize engine version: 2020.3.8f1 (507919d4fff5)
[Subsystems] Discovering subsystems at path C:/Program Files/Unity/Hub/Editor/2020.3.8f1/Editor/Data/Resources/UnitySubsystems
[Subsystems] Discovering subsystems at path D:/UnityGameCreatingProjects/New UnityGameCreatingProject/Assets
GfxDevice: creating device client; threaded=0
Direct3D:
    Version:  Direct3D 11.0 [level 11.1]
    Renderer: NVIDIA GeForce RTX 3070 (ID=0x2484)
    Vendor:   
    VRAM:     8043 MB
    Driver:   27.21.14.6611
Initialize mono
Mono path[0] = 'C:/Program Files/Unity/Hub/Editor/2020.3.8f1/Editor/Data/Managed'
Mono path[1] = 'C:/Program Files/Unity/Hub/Editor/2020.3.8f1/Editor/Data/MonoBleedingEdge/lib/mono/unityjit'
Mono config path = 'C:/Program Files/Unity/Hub/Editor/2020.3.8f1/Editor/Data/MonoBleedingEdge/etc'
Using monoOptions --debugger-agent=transport=dt_socket,embedding=1,server=y,suspend=n,address=127.0.0.1:56304
Begin MonoManager ReloadAssembly
Registering precompiled unity dll's ...
Register platform support module: C:/Program Files/Unity/Hub/Editor/2020.3.8f1/Editor/Data/PlaybackEngines/WindowsStandaloneSupport/UnityEditor.WindowsStandalone.Extensions.dll
Registered in 0.001673 seconds.
Native extension for WindowsStandalone target not found
Refreshing native plugins compatible for Editor in 22.36 ms, found 0 plugins.
Preloading 0 native plugins for Editor in 0.00 ms.
Mono: successfully reloaded assembly
- Completed reload, in  0.893 seconds
Platform modules already initialized, skipping
Registering precompiled user dll's ...
Registered in 0.000482 seconds.
Begin MonoManager ReloadAssembly
Native extension for WindowsStandalone target not found
Refreshing native plugins compatible for Editor in 0.26 ms, found 0 plugins.
Preloading 0 native plugins for Editor in 0.00 ms.
Mono: successfully reloaded assembly
- Completed reload, in  0.683 seconds
Platform modules already initialized, skipping
========================================================================
Worker process is ready to serve import requests
Launched and connected shader compiler UnityShaderCompiler.exe after 0.04 seconds
Refreshing native plugins compatible for Editor in 0.43 ms, found 0 plugins.
Preloading 0 native plugins for Editor in 0.00 ms.
Unloading 1116 Unused Serialized files (Serialized files now loaded: 0)
System memory in use before: 57.0 MB.
System memory in use after: 57.0 MB.

Unloading 9 unused Assets to reduce memory usage. Loaded Objects now: 1559.
Total: 1.582700 ms (FindLiveObjects: 0.156600 ms CreateObjectMapping: 0.035900 ms MarkObjects: 1.331900 ms  DeleteObjects: 0.057200 ms)

========================================================================
Received Prepare
Registering precompiled user dll's ...
Registered in 0.000479 seconds.
Begin MonoManager ReloadAssembly
Native extension for WindowsStandalone target not found
Refreshing native plugins compatible for Editor in 0.23 ms, found 0 plugins.
Preloading 0 native plugins for Editor in 0.00 ms.
Mono: successfully reloaded assembly
- Completed reload, in  0.629 seconds
Platform modules already initialized, skipping
Refreshing native plugins compatible for Editor in 0.23 ms, found 0 plugins.
Preloading 0 native plugins for Editor in 0.00 ms.
Unloading 1110 Unused Serialized files (Serialized files now loaded: 0)
System memory in use before: 56.8 MB.
System memory in use after: 56.9 MB.

Unloading 4 unused Assets to reduce memory usage. Loaded Objects now: 1562.
Total: 1.589700 ms (FindLiveObjects: 0.167600 ms CreateObjectMapping: 0.024900 ms MarkObjects: 1.378200 ms  DeleteObjects: 0.017800 ms)

========================================================================
Received Import Request.
  path: Assets/Scenes/test1.cs
  artifactKey: Guid(fb0e0e084f390b34980c1b46281c4286) Importer(815301076,1909f56bfc062723c751e8b465ee728b)
Start importing Assets/Scenes/test1.cs using Guid(fb0e0e084f390b34980c1b46281c4286) Importer(815301076,1909f56bfc062723c751e8b465ee728b)  -> (artifact id: '910dad021e047a19769d0c992eb2ba87') in 0.022340 seconds
  Import took 0.024082 seconds .

========================================================================
Received Prepare
Registering precompiled user dll's ...
Registered in 0.000558 seconds.
Begin MonoManager ReloadAssembly
Native extension for WindowsStandalone target not found
Refreshing native plugins compatible for Editor in 0.25 ms, found 0 plugins.
Preloading 0 native plugins for Editor in 0.00 ms.
Mono: successfully reloaded assembly
- Completed reload, in  0.672 seconds
Platform modules already initialized, skipping
Refreshing native plugins compatible for Editor in 0.21 ms, found 0 plugins.
Preloading 0 native plugins for Editor in 0.00 ms.
Unloading 1113 Unused Serialized files (Serialized files now loaded: 0)
System memory in use before: 56.9 MB.
System memory in use after: 57.0 MB.

Unloading 4 unused Assets to reduce memory usage. Loaded Objects now: 1568.
Total: 1.596100 ms (FindLiveObjects: 0.163900 ms CreateObjectMapping: 0.027700 ms MarkObjects: 1.388600 ms  DeleteObjects: 0.014400 ms)

========================================================================
Received Prepare
Registering precompiled user dll's ...
Registered in 0.000504 seconds.
Begin MonoManager ReloadAssembly
Native extension for WindowsStandalone target not found
Refreshing native plugins compatible for Editor in 0.24 ms, found 0 plugins.
Preloading 0 native plugins for Editor in 0.00 ms.
Mono: successfully reloaded assembly
- Completed reload, in  0.636 seconds
Platform modules already initialized, skipping
Refreshing native plugins compatible for Editor in 0.22 ms, found 0 plugins.
Preloading 0 native plugins for Editor in 0.00 ms.
Unloading 1113 Unused Serialized files (Serialized files now loaded: 0)
System memory in use before: 56.9 MB.
System memory in use after: 57.0 MB.

Unloading 4 unused Assets to reduce memory usage. Loaded Objects now: 1571.
Total: 1.894100 ms (FindLiveObjects: 0.201500 ms CreateObjectMapping: 0.029300 ms MarkObjects: 1.642300 ms  DeleteObjects: 0.018900 ms)

========================================================================
Received Import Request.
  Time since last request: 2170.881395 seconds.
  path: Assets/Scenes/BoostItem.cs
  artifactKey: Guid(4d2ff9964c64b254cbbdba8e547f1bcc) Importer(815301076,1909f56bfc062723c751e8b465ee728b)
Start importing Assets/Scenes/BoostItem.cs using Guid(4d2ff9964c64b254cbbdba8e547f1bcc) Importer(815301076,1909f56bfc062723c751e8b465ee728b)  -> (artifact id: '058a28f567981ea16ab8d4e06dfe4a9e') in 0.006744 seconds
  Import took 0.008545 seconds .

========================================================================
Received Import Request.
  Time since last request: 0.524281 seconds.
  path: Assets/Scenes/Vihecle.cs
  artifactKey: Guid(f0792178ead0b27448bd8393040ff5ff) Importer(815301076,1909f56bfc062723c751e8b465ee728b)
Start importing Assets/Scenes/Vihecle.cs using Guid(f0792178ead0b27448bd8393040ff5ff) Importer(815301076,1909f56bfc062723c751e8b465ee728b)  -> (artifact id: '9a9be36f646c013af95c3112bfa71956') in 0.005192 seconds
  Import took 0.006967 seconds .

========================================================================
Received Import Request.
  Time since last request: 0.056631 seconds.
  path: Assets/Scenes/Vihecle.cs
  artifactKey: Guid(f0792178ead0b27448bd8393040ff5ff) Importer(815301076,1909f56bfc062723c751e8b465ee728b)
Start importing Assets/Scenes/Vihecle.cs using Guid(f0792178ead0b27448bd8393040ff5ff) Importer(815301076,1909f56bfc062723c751e8b465ee728b)  -> (artifact id: '9a9be36f646c013af95c3112bfa71956') in 0.001449 seconds
  Import took 0.003015 seconds .

========================================================================
Received Import Request.
  Time since last request: 1.553335 seconds.
  path: Assets/Scenes/VihecleHit.cs
  artifactKey: Guid(042b0451cb5d1114c9481f02b5fff900) Importer(815301076,1909f56bfc062723c751e8b465ee728b)
Start importing Assets/Scenes/VihecleHit.cs using Guid(042b0451cb5d1114c9481f02b5fff900) Importer(815301076,1909f56bfc062723c751e8b465ee728b)  -> (artifact id: '6ebf46a76e555d64d7cbac8cb0bce369') in 0.005263 seconds
  Import took 0.007080 seconds .

========================================================================
Received Import Request.
  Time since last request: 0.000249 seconds.
  path: Assets/Scenes/VihecleHit.cs
  artifactKey: Guid(042b0451cb5d1114c9481f02b5fff900) Importer(815301076,1909f56bfc062723c751e8b465ee728b)
Start importing Assets/Scenes/VihecleHit.cs using Guid(042b0451cb5d1114c9481f02b5fff900) Importer(815301076,1909f56bfc062723c751e8b465ee728b)  -> (artifact id: '6ebf46a76e555d64d7cbac8cb0bce369') in 0.001466 seconds
  Import took 0.002841 seconds .

